make: Entering directory `/Users/lucas/Desktop/ft_printf'
gcc -c -Wall -Wextra -Werror -I headers srcs/intunsignedint.c -o srcs/intunsignedint.o
gcc -c -Wall -Wextra -Werror -I headers srcs/hex-pointer-string-character.c -o srcs/hex-pointer-string-character.o
gcc -c -Wall -Wextra -Werror -I headers srcs/ft_printf.c -o srcs/ft_printf.o
/Library/Developer/CommandLineTools/usr/bin/make -C ./libft
 
make[1]: Entering directory `/Users/lucas/Desktop/ft_printf/libft'
echo "\033[0;33mGenerating obj..."
gcc -c -Wall -Wextra -Werror ft_memset.c
echo "\033[0m"
echo "\033[0;33mGenerating obj..."
gcc -c -Wall -Wextra -Werror ft_bzero.c
echo "\033[0m"
echo "\033[0;33mGenerating obj..."
gcc -c -Wall -Wextra -Werror ft_strlen.c
echo "\033[0m"
echo "\033[0;33mGenerating obj..."
gcc -c -Wall -Wextra -Werror ft_isalpha.c
echo "\033[0m"
echo "\033[0;33mGenerating obj..."
gcc -c -Wall -Wextra -Werror ft_isdigit.c
echo "\033[0m"
echo "\033[0;33mGenerating obj..."
gcc -c -Wall -Wextra -Werror ft_isalnum.c
echo "\033[0m"
echo "\033[0;33mGenerating obj..."
gcc -c -Wall -Wextra -Werror ft_isascii.c
echo "\033[0m"
echo "\033[0;33mGenerating obj..."
gcc -c -Wall -Wextra -Werror ft_isprint.c
echo "\033[0m"
echo "\033[0;33mGenerating obj..."
gcc -c -Wall -Wextra -Werror ft_toupper.c
echo "\033[0m"
echo "\033[0;33mGenerating obj..."
gcc -c -Wall -Wextra -Werror ft_tolower.c
echo "\033[0m"
echo "\033[0;33mGenerating obj..."
gcc -c -Wall -Wextra -Werror ft_strchr.c
echo "\033[0m"
echo "\033[0;33mGenerating obj..."
gcc -c -Wall -Wextra -Werror ft_strrchr.c
echo "\033[0m"
echo "\033[0;33mGenerating obj..."
gcc -c -Wall -Wextra -Werror ft_memcpy.c
echo "\033[0m"
echo "\033[0;33mGenerating obj..."
gcc -c -Wall -Wextra -Werror ft_memmove.c
echo "\033[0m"
echo "\033[0;33mGenerating obj..."
gcc -c -Wall -Wextra -Werror ft_memchr.c
echo "\033[0m"
echo "\033[0;33mGenerating obj..."
gcc -c -Wall -Wextra -Werror ft_memcmp.c
echo "\033[0m"
echo "\033[0;33mGenerating obj..."
gcc -c -Wall -Wextra -Werror ft_strncmp.c
echo "\033[0m"
echo "\033[0;33mGenerating obj..."
gcc -c -Wall -Wextra -Werror ft_strlcat.c
echo "\033[0m"
echo "\033[0;33mGenerating obj..."
gcc -c -Wall -Wextra -Werror ft_strlcpy.c
echo "\033[0m"
echo "\033[0;33mGenerating obj..."
gcc -c -Wall -Wextra -Werror ft_strnstr.c
echo "\033[0m"
echo "\033[0;33mGenerating obj..."
gcc -c -Wall -Wextra -Werror ft_strdup.c
echo "\033[0m"
echo "\033[0;33mGenerating obj..."
gcc -c -Wall -Wextra -Werror ft_calloc.c
echo "\033[0m"
echo "\033[0;33mGenerating obj..."
gcc -c -Wall -Wextra -Werror ft_strjoin.c
echo "\033[0m"
echo "\033[0;33mGenerating obj..."
gcc -c -Wall -Wextra -Werror ft_substr.c
echo "\033[0m"
echo "\033[0;33mGenerating obj..."
gcc -c -Wall -Wextra -Werror ft_atoi.c
echo "\033[0m"
 
echo "\033[0;33mGenerating obj..."
gcc -c -Wall -Wextra -Werror ft_strtrim.c
echo "\033[0m"
echo "\033[0;33mGenerating obj..."
gcc -c -Wall -Wextra -Werror ft_split.c
echo "\033[0m"
echo "\033[0;33mGenerating obj..."
gcc -c -Wall -Wextra -Werror ft_itoa.c
echo "\033[0m"
echo "\033[0;33mGenerating obj..."
gcc -c -Wall -Wextra -Werror ft_strmapi.c
echo "\033[0m"
echo "\033[0;33mGenerating obj..."
gcc -c -Wall -Wextra -Werror ft_striteri.c
echo "\033[0m"
echo "\033[0;33mGenerating obj..."
gcc -c -Wall -Wextra -Werror ft_putchar_fd.c
echo "\033[0m"
echo "\033[0;33mGenerating obj..."
gcc -c -Wall -Wextra -Werror ft_putstr_fd.c
echo "\033[0m"
echo "\033[0;33mGenerating obj..."
gcc -c -Wall -Wextra -Werror ft_putendl_fd.c
echo "\033[0m"
echo "\033[0;33mGenerating obj..."
gcc -c -Wall -Wextra -Werror ft_putnbr_fd.c
echo "\033[0m"
ar rc libft.a ft_memset.o ft_bzero.o ft_strlen.o ft_isalpha.o ft_isdigit.o ft_isalnum.o ft_isascii.o ft_isprint.o ft_toupper.o ft_tolower.o ft_strchr.o ft_strrchr.o ft_memcpy.o ft_memmove.o ft_memchr.o ft_memcmp.o ft_strncmp.o ft_strlcat.o ft_strlcpy.o ft_strnstr.o ft_strdup.o ft_calloc.o ft_strjoin.o ft_substr.o ft_atoi.o ft_strtrim.o ft_split.o ft_itoa.o ft_strmapi.o ft_striteri.o ft_putchar_fd.o ft_putstr_fd.o ft_putendl_fd.o ft_putnbr_fd.o
ranlib libft.a
make[1]: Leaving directory `/Users/lucas/Desktop/ft_printf/libft'
cp libft/libft.a libftprintf.a
ar -rcs libftprintf.a srcs/intunsignedint.o srcs/hex-pointer-string-character.o srcs/ft_printf.o
make: Leaving directory `/Users/lucas/Desktop/ft_printf'
 
